<?xml version="1.0" encoding="UTF-8"?>
<!-- Generated by org.testng.reporters.JUnitReportReporter -->
<testsuite hostname="Anish-PC" failures="0" tests="19" name="testRunner.TestNGTestRunner" time="22.443" errors="0" timestamp="2023-11-19T15:12:51 CST" skipped="0">
  <testcase classname="testRunner.TestNGTestRunner" name="runScenario" time="1.141"/>
  <testcase classname="testRunner.TestNGTestRunner" name="runScenario" time="0.395"/>
  <testcase classname="testRunner.TestNGTestRunner" name="runScenario" time="0.716"/>
  <testcase classname="testRunner.TestNGTestRunner" name="runScenario" time="1.569"/>
  <testcase classname="testRunner.TestNGTestRunner" name="runScenario" time="0.982"/>
  <testcase classname="testRunner.TestNGTestRunner" name="runScenario" time="0.672"/>
  <testcase classname="testRunner.TestNGTestRunner" name="runScenario" time="0.274"/>
  <testcase classname="testRunner.TestNGTestRunner" name="runScenario" time="0.345"/>
  <testcase classname="testRunner.TestNGTestRunner" name="runScenario" time="0.673"/>
  <testcase classname="testRunner.TestNGTestRunner" name="runScenario" time="0.386"/>
  <testcase classname="testRunner.TestNGTestRunner" name="runScenario" time="0.747"/>
  <testcase classname="testRunner.TestNGTestRunner" name="runScenario" time="0.518"/>
  <testcase classname="testRunner.TestNGTestRunner" name="runScenario" time="0.414"/>
  <testcase classname="testRunner.TestNGTestRunner" name="runScenario" time="10.436"/>
  <testcase classname="testRunner.TestNGTestRunner" name="runScenario" time="0.377"/>
  <testcase classname="testRunner.TestNGTestRunner" name="runScenario" time="1.703"/>
  <testcase classname="testRunner.TestNGTestRunner" name="runScenario" time="0.461"/>
  <testcase classname="testRunner.TestNGTestRunner" name="runScenario" time="0.327"/>
  <testcase classname="testRunner.TestNGTestRunner" name="runScenario" time="0.307"/>
</testsuite> <!-- testRunner.TestNGTestRunner -->
