<?xml version="1.0" encoding="UTF-8"?>
<!-- Generated by org.testng.reporters.JUnitReportReporter -->
<testsuite hostname="Anish-PC" failures="0" tests="6" name="testRunner.TestNGTestRunner" time="11.416" errors="0" timestamp="2023-11-17T23:09:38 CST" skipped="0">
  <testcase classname="testRunner.TestNGTestRunner" name="runScenario" time="0.283"/>
  <testcase classname="testRunner.TestNGTestRunner" name="runScenario" time="1.068"/>
  <testcase classname="testRunner.TestNGTestRunner" name="runScenario" time="7.230"/>
  <testcase classname="testRunner.TestNGTestRunner" name="runScenario" time="0.320"/>
  <testcase classname="testRunner.TestNGTestRunner" name="runScenario" time="2.102"/>
  <testcase classname="testRunner.TestNGTestRunner" name="runScenario" time="0.413"/>
</testsuite> <!-- testRunner.TestNGTestRunner -->
