<?xml version="1.0" encoding="UTF-8"?>
<!-- Generated by org.testng.reporters.JUnitReportReporter -->
<testsuite hostname="Anish-PC" failures="0" tests="4" name="testRunner.TestNGTestRunner" time="8.523" errors="0" timestamp="2023-11-17T13:20:34 CST" skipped="0">
  <testcase classname="testRunner.TestNGTestRunner" name="runScenario" time="0.342"/>
  <testcase classname="testRunner.TestNGTestRunner" name="runScenario" time="0.287"/>
  <testcase classname="testRunner.TestNGTestRunner" name="runScenario" time="0.592"/>
  <testcase classname="testRunner.TestNGTestRunner" name="runScenario" time="7.302"/>
</testsuite> <!-- testRunner.TestNGTestRunner -->
