<?xml version="1.0" encoding="UTF-8"?>
<!-- Generated by org.testng.reporters.JUnitReportReporter -->
<testsuite hostname="Anish-PC" failures="0" tests="22" name="testRunner.TestNGTestRunner" time="42.032" errors="0" timestamp="2023-11-20T21:48:40 CST" skipped="0">
  <testcase classname="testRunner.TestNGTestRunner" name="runScenario" time="0.605"/>
  <testcase classname="testRunner.TestNGTestRunner" name="runScenario" time="0.434"/>
  <testcase classname="testRunner.TestNGTestRunner" name="runScenario" time="0.436"/>
  <testcase classname="testRunner.TestNGTestRunner" name="runScenario" time="1.517"/>
  <testcase classname="testRunner.TestNGTestRunner" name="runScenario" time="1.562"/>
  <testcase classname="testRunner.TestNGTestRunner" name="runScenario" time="0.532"/>
  <testcase classname="testRunner.TestNGTestRunner" name="runScenario" time="0.513"/>
  <testcase classname="testRunner.TestNGTestRunner" name="runScenario" time="0.647"/>
  <testcase classname="testRunner.TestNGTestRunner" name="runScenario" time="14.873"/>
  <testcase classname="testRunner.TestNGTestRunner" name="runScenario" time="1.412"/>
  <testcase classname="testRunner.TestNGTestRunner" name="runScenario" time="0.534"/>
  <testcase classname="testRunner.TestNGTestRunner" name="runScenario" time="1.454"/>
  <testcase classname="testRunner.TestNGTestRunner" name="runScenario" time="0.499"/>
  <testcase classname="testRunner.TestNGTestRunner" name="runScenario" time="0.817"/>
  <testcase classname="testRunner.TestNGTestRunner" name="runScenario" time="0.421"/>
  <testcase classname="testRunner.TestNGTestRunner" name="runScenario" time="1.560"/>
  <testcase classname="testRunner.TestNGTestRunner" name="runScenario" time="3.557"/>
  <testcase classname="testRunner.TestNGTestRunner" name="runScenario" time="5.181"/>
  <testcase classname="testRunner.TestNGTestRunner" name="runScenario" time="0.530"/>
  <testcase classname="testRunner.TestNGTestRunner" name="runScenario" time="0.825"/>
  <testcase classname="testRunner.TestNGTestRunner" name="runScenario" time="3.441"/>
  <testcase classname="testRunner.TestNGTestRunner" name="runScenario" time="0.682"/>
</testsuite> <!-- testRunner.TestNGTestRunner -->
